0 info it worked if it ends with ok
1 verbose cli [ '/usr/bin/nodejs',
1 verbose cli   '/usr/bin/npm',
1 verbose cli   'i',
1 verbose cli   '-g',
1 verbose cli   'live-server',
1 verbose cli   '@angular/angular-cli',
1 verbose cli   'gulp',
1 verbose cli   'webpack' ]
2 info using npm@4.1.2
3 info using node@v7.7.4
4 silly loadCurrentTree Starting
5 silly install loadCurrentTree
6 silly install readGlobalPackageData
7 silly fetchPackageMetaData live-server
8 silly fetchPackageMetaData @angular/angular-cli
9 silly fetchPackageMetaData gulp
10 silly fetchPackageMetaData webpack
11 silly fetchNamedPackageData live-server
12 silly mapToRegistry name live-server
13 silly mapToRegistry using default registry
14 silly mapToRegistry registry https://registry.npmjs.org/
15 silly mapToRegistry data Result {
15 silly mapToRegistry   raw: 'live-server',
15 silly mapToRegistry   scope: null,
15 silly mapToRegistry   escapedName: 'live-server',
15 silly mapToRegistry   name: 'live-server',
15 silly mapToRegistry   rawSpec: '',
15 silly mapToRegistry   spec: 'latest',
15 silly mapToRegistry   type: 'tag' }
16 silly mapToRegistry uri https://registry.npmjs.org/live-server
17 silly fetchNamedPackageData @angular/angular-cli
18 silly mapToRegistry name @angular/angular-cli
19 silly mapToRegistry scope (from package name) @angular
20 verbose mapToRegistry no registry URL found in name for scope @angular
21 silly mapToRegistry using default registry
22 silly mapToRegistry registry https://registry.npmjs.org/
23 silly mapToRegistry data Result {
23 silly mapToRegistry   raw: '@angular/angular-cli',
23 silly mapToRegistry   scope: '@angular',
23 silly mapToRegistry   escapedName: '@angular%2fangular-cli',
23 silly mapToRegistry   name: '@angular/angular-cli',
23 silly mapToRegistry   rawSpec: '',
23 silly mapToRegistry   spec: 'latest',
23 silly mapToRegistry   type: 'tag' }
24 silly mapToRegistry uri https://registry.npmjs.org/@angular%2fangular-cli
25 silly fetchNamedPackageData gulp
26 silly mapToRegistry name gulp
27 silly mapToRegistry using default registry
28 silly mapToRegistry registry https://registry.npmjs.org/
29 silly mapToRegistry data Result {
29 silly mapToRegistry   raw: 'gulp',
29 silly mapToRegistry   scope: null,
29 silly mapToRegistry   escapedName: 'gulp',
29 silly mapToRegistry   name: 'gulp',
29 silly mapToRegistry   rawSpec: '',
29 silly mapToRegistry   spec: 'latest',
29 silly mapToRegistry   type: 'tag' }
30 silly mapToRegistry uri https://registry.npmjs.org/gulp
31 silly fetchNamedPackageData webpack
32 silly mapToRegistry name webpack
33 silly mapToRegistry using default registry
34 silly mapToRegistry registry https://registry.npmjs.org/
35 silly mapToRegistry data Result {
35 silly mapToRegistry   raw: 'webpack',
35 silly mapToRegistry   scope: null,
35 silly mapToRegistry   escapedName: 'webpack',
35 silly mapToRegistry   name: 'webpack',
35 silly mapToRegistry   rawSpec: '',
35 silly mapToRegistry   spec: 'latest',
35 silly mapToRegistry   type: 'tag' }
36 silly mapToRegistry uri https://registry.npmjs.org/webpack
37 verbose request uri https://registry.npmjs.org/live-server
38 verbose request no auth needed
39 info attempt registry request try #1 at 11:51:40 AM
40 verbose request id a8258f62f8cc84c5
41 http request GET https://registry.npmjs.org/live-server
42 verbose request uri https://registry.npmjs.org/@angular%2fangular-cli
43 verbose request no auth needed
44 info attempt registry request try #1 at 11:51:40 AM
45 http request GET https://registry.npmjs.org/@angular%2fangular-cli
46 verbose request uri https://registry.npmjs.org/gulp
47 verbose request no auth needed
48 info attempt registry request try #1 at 11:51:40 AM
49 verbose etag W/"58c26533-1cf78"
50 verbose lastModified Fri, 10 Mar 2017 08:34:59 GMT
51 http request GET https://registry.npmjs.org/gulp
52 verbose request uri https://registry.npmjs.org/webpack
53 verbose request no auth needed
54 info attempt registry request try #1 at 11:51:40 AM
55 verbose etag W/"58c2ce47-e4c1d"
56 verbose lastModified Fri, 10 Mar 2017 16:03:19 GMT
57 http request GET https://registry.npmjs.org/webpack
58 http 200 https://registry.npmjs.org/live-server
59 verbose headers { server: 'nginx/1.10.1',
59 verbose headers   'content-type': 'application/json',
59 verbose headers   'last-modified': 'Mon, 06 Mar 2017 05:20:06 GMT',
59 verbose headers   etag: 'W/"58bcf186-a42d"',
59 verbose headers   'content-encoding': 'gzip',
59 verbose headers   'cache-control': 'max-age=300',
59 verbose headers   'content-length': '9526',
59 verbose headers   'accept-ranges': 'bytes',
59 verbose headers   date: 'Sat, 25 Mar 2017 16:51:40 GMT',
59 verbose headers   via: '1.1 varnish',
59 verbose headers   age: '33',
59 verbose headers   connection: 'keep-alive',
59 verbose headers   'x-served-by': 'cache-iad2135-IAD',
59 verbose headers   'x-cache': 'HIT',
59 verbose headers   'x-cache-hits': '1',
59 verbose headers   'x-timer': 'S1490460700.947518,VS0,VE0',
59 verbose headers   vary: 'Accept-Encoding' }
60 silly get cb [ 200,
60 silly get   { server: 'nginx/1.10.1',
60 silly get     'content-type': 'application/json',
60 silly get     'last-modified': 'Mon, 06 Mar 2017 05:20:06 GMT',
60 silly get     etag: 'W/"58bcf186-a42d"',
60 silly get     'content-encoding': 'gzip',
60 silly get     'cache-control': 'max-age=300',
60 silly get     'content-length': '9526',
60 silly get     'accept-ranges': 'bytes',
60 silly get     date: 'Sat, 25 Mar 2017 16:51:40 GMT',
60 silly get     via: '1.1 varnish',
60 silly get     age: '33',
60 silly get     connection: 'keep-alive',
60 silly get     'x-served-by': 'cache-iad2135-IAD',
60 silly get     'x-cache': 'HIT',
60 silly get     'x-cache-hits': '1',
60 silly get     'x-timer': 'S1490460700.947518,VS0,VE0',
60 silly get     vary: 'Accept-Encoding' } ]
61 verbose get saving live-server to /home/unjs/.npm/registry.npmjs.org/live-server/.cache.json
62 verbose correctMkdir /home/unjs/.npm correctMkdir not in flight; initializing
63 http 200 https://registry.npmjs.org/gulp
64 verbose headers { server: 'nginx/1.10.1',
64 verbose headers   'content-type': 'application/json',
64 verbose headers   'last-modified': 'Tue, 21 Mar 2017 03:21:32 GMT',
64 verbose headers   etag: 'W/"58d09c3c-1cffe"',
64 verbose headers   'content-encoding': 'gzip',
64 verbose headers   'cache-control': 'max-age=300',
64 verbose headers   'content-length': '17320',
64 verbose headers   'accept-ranges': 'bytes',
64 verbose headers   date: 'Sat, 25 Mar 2017 16:51:40 GMT',
64 verbose headers   via: '1.1 varnish',
64 verbose headers   age: '208',
64 verbose headers   connection: 'keep-alive',
64 verbose headers   'x-served-by': 'cache-iad2129-IAD',
64 verbose headers   'x-cache': 'HIT',
64 verbose headers   'x-cache-hits': '1',
64 verbose headers   'x-timer': 'S1490460700.958041,VS0,VE0',
64 verbose headers   vary: 'Accept-Encoding' }
65 silly get cb [ 200,
65 silly get   { server: 'nginx/1.10.1',
65 silly get     'content-type': 'application/json',
65 silly get     'last-modified': 'Tue, 21 Mar 2017 03:21:32 GMT',
65 silly get     etag: 'W/"58d09c3c-1cffe"',
65 silly get     'content-encoding': 'gzip',
65 silly get     'cache-control': 'max-age=300',
65 silly get     'content-length': '17320',
65 silly get     'accept-ranges': 'bytes',
65 silly get     date: 'Sat, 25 Mar 2017 16:51:40 GMT',
65 silly get     via: '1.1 varnish',
65 silly get     age: '208',
65 silly get     connection: 'keep-alive',
65 silly get     'x-served-by': 'cache-iad2129-IAD',
65 silly get     'x-cache': 'HIT',
65 silly get     'x-cache-hits': '1',
65 silly get     'x-timer': 'S1490460700.958041,VS0,VE0',
65 silly get     vary: 'Accept-Encoding' } ]
66 verbose get saving gulp to /home/unjs/.npm/registry.npmjs.org/gulp/.cache.json
67 verbose correctMkdir /home/unjs/.npm correctMkdir not in flight; initializing
68 http 200 https://registry.npmjs.org/webpack
69 verbose headers { server: 'nginx/1.10.1',
69 verbose headers   'content-type': 'application/json',
69 verbose headers   'last-modified': 'Sat, 25 Mar 2017 00:02:36 GMT',
69 verbose headers   etag: 'W/"58d5b39c-e7e41"',
69 verbose headers   'content-encoding': 'gzip',
69 verbose headers   'cache-control': 'max-age=300',
69 verbose headers   'content-length': '49319',
69 verbose headers   'accept-ranges': 'bytes',
69 verbose headers   date: 'Sat, 25 Mar 2017 16:51:40 GMT',
69 verbose headers   via: '1.1 varnish',
69 verbose headers   age: '62',
69 verbose headers   connection: 'keep-alive',
69 verbose headers   'x-served-by': 'cache-iad2627-IAD',
69 verbose headers   'x-cache': 'HIT',
69 verbose headers   'x-cache-hits': '1',
69 verbose headers   'x-timer': 'S1490460700.949487,VS0,VE0',
69 verbose headers   vary: 'Accept-Encoding' }
70 silly get cb [ 200,
70 silly get   { server: 'nginx/1.10.1',
70 silly get     'content-type': 'application/json',
70 silly get     'last-modified': 'Sat, 25 Mar 2017 00:02:36 GMT',
70 silly get     etag: 'W/"58d5b39c-e7e41"',
70 silly get     'content-encoding': 'gzip',
70 silly get     'cache-control': 'max-age=300',
70 silly get     'content-length': '49319',
70 silly get     'accept-ranges': 'bytes',
70 silly get     date: 'Sat, 25 Mar 2017 16:51:40 GMT',
70 silly get     via: '1.1 varnish',
70 silly get     age: '62',
70 silly get     connection: 'keep-alive',
70 silly get     'x-served-by': 'cache-iad2627-IAD',
70 silly get     'x-cache': 'HIT',
70 silly get     'x-cache-hits': '1',
70 silly get     'x-timer': 'S1490460700.949487,VS0,VE0',
70 silly get     vary: 'Accept-Encoding' } ]
71 verbose get saving webpack to /home/unjs/.npm/registry.npmjs.org/webpack/.cache.json
72 verbose correctMkdir /home/unjs/.npm correctMkdir not in flight; initializing
73 http 404 https://registry.npmjs.org/@angular%2fangular-cli
74 verbose headers { 'content-type': 'application/json',
74 verbose headers   'cache-control': 'max-age=0',
74 verbose headers   'content-length': '21',
74 verbose headers   'accept-ranges': 'bytes',
74 verbose headers   date: 'Sat, 25 Mar 2017 16:51:41 GMT',
74 verbose headers   via: '1.1 varnish',
74 verbose headers   age: '0',
74 verbose headers   connection: 'keep-alive',
74 verbose headers   'x-served-by': 'cache-iad2124-IAD',
74 verbose headers   'x-cache': 'MISS',
74 verbose headers   'x-cache-hits': '0',
74 verbose headers   'x-timer': 'S1490460700.941992,VS0,VE358' }
75 silly get cb [ 404,
75 silly get   { 'content-type': 'application/json',
75 silly get     'cache-control': 'max-age=0',
75 silly get     'content-length': '21',
75 silly get     'accept-ranges': 'bytes',
75 silly get     date: 'Sat, 25 Mar 2017 16:51:41 GMT',
75 silly get     via: '1.1 varnish',
75 silly get     age: '0',
75 silly get     connection: 'keep-alive',
75 silly get     'x-served-by': 'cache-iad2124-IAD',
75 silly get     'x-cache': 'MISS',
75 silly get     'x-cache-hits': '0',
75 silly get     'x-timer': 'S1490460700.941992,VS0,VE358' } ]
76 silly fetchPackageMetaData Error: Not found : @angular/angular-cli
76 silly fetchPackageMetaData     at makeError (/usr/lib/node_modules/npm/node_modules/npm-registry-client/lib/request.js:304:12)
76 silly fetchPackageMetaData     at CachingRegistryClient.<anonymous> (/usr/lib/node_modules/npm/node_modules/npm-registry-client/lib/request.js:292:14)
76 silly fetchPackageMetaData     at Request._callback (/usr/lib/node_modules/npm/node_modules/npm-registry-client/lib/request.js:212:14)
76 silly fetchPackageMetaData     at Request.self.callback (/usr/lib/node_modules/npm/node_modules/request/request.js:186:22)
76 silly fetchPackageMetaData     at emitTwo (events.js:106:13)
76 silly fetchPackageMetaData     at Request.emit (events.js:194:7)
76 silly fetchPackageMetaData     at Request.<anonymous> (/usr/lib/node_modules/npm/node_modules/request/request.js:1081:10)
76 silly fetchPackageMetaData     at emitOne (events.js:96:13)
76 silly fetchPackageMetaData     at Request.emit (events.js:191:7)
76 silly fetchPackageMetaData     at IncomingMessage.<anonymous> (/usr/lib/node_modules/npm/node_modules/request/request.js:1001:12)
76 silly fetchPackageMetaData  error for @angular/angular-cli { Error: Not found : @angular/angular-cli
76 silly fetchPackageMetaData     at makeError (/usr/lib/node_modules/npm/node_modules/npm-registry-client/lib/request.js:304:12)
76 silly fetchPackageMetaData     at CachingRegistryClient.<anonymous> (/usr/lib/node_modules/npm/node_modules/npm-registry-client/lib/request.js:292:14)
76 silly fetchPackageMetaData     at Request._callback (/usr/lib/node_modules/npm/node_modules/npm-registry-client/lib/request.js:212:14)
76 silly fetchPackageMetaData     at Request.self.callback (/usr/lib/node_modules/npm/node_modules/request/request.js:186:22)
76 silly fetchPackageMetaData     at emitTwo (events.js:106:13)
76 silly fetchPackageMetaData     at Request.emit (events.js:194:7)
76 silly fetchPackageMetaData     at Request.<anonymous> (/usr/lib/node_modules/npm/node_modules/request/request.js:1081:10)
76 silly fetchPackageMetaData     at emitOne (events.js:96:13)
76 silly fetchPackageMetaData     at Request.emit (events.js:191:7)
76 silly fetchPackageMetaData     at IncomingMessage.<anonymous> (/usr/lib/node_modules/npm/node_modules/request/request.js:1001:12) pkgid: '@angular/angular-cli', statusCode: 404, code: 'E404' }
77 silly rollbackFailedOptional Starting
78 verbose stack TypeError: Cannot read property 'path' of null
78 verbose stack     at Installer.rollbackFailedOptional (/usr/lib/node_modules/npm/lib/install.js:511:29)
78 verbose stack     at Array.<anonymous> (/usr/lib/node_modules/npm/node_modules/slide/lib/bind-actor.js:15:8)
78 verbose stack     at LOOP (/usr/lib/node_modules/npm/node_modules/slide/lib/chain.js:15:14)
78 verbose stack     at /usr/lib/node_modules/npm/node_modules/slide/lib/chain.js:18:7
78 verbose stack     at /usr/lib/node_modules/npm/lib/install.js:337:5
78 verbose stack     at Array.<anonymous> (/usr/lib/node_modules/npm/node_modules/slide/lib/bind-actor.js:15:8)
78 verbose stack     at LOOP (/usr/lib/node_modules/npm/node_modules/slide/lib/chain.js:15:14)
78 verbose stack     at chain (/usr/lib/node_modules/npm/node_modules/slide/lib/chain.js:20:5)
78 verbose stack     at /usr/lib/node_modules/npm/lib/install.js:294:5
78 verbose stack     at /usr/lib/node_modules/npm/node_modules/slide/lib/chain.js:16:22
79 verbose cwd /home/unjs/code/unjavascripter/unjavascripter.github.io
80 error Linux 4.8.0-41-generic
81 error argv "/usr/bin/nodejs" "/usr/bin/npm" "i" "-g" "live-server" "@angular/angular-cli" "gulp" "webpack"
82 error node v7.7.4
83 error npm  v4.1.2
84 error Cannot read property 'path' of null
85 error If you need help, you may report this error at:
85 error     <https://github.com/npm/npm/issues>
86 verbose exit [ 1, true ]
